                       PLAYER BASEBALL STATISTICS          04/11/19    PAGE  1

LEAGUE   TEAM       NAME                  HITS         AT-BATS      AVERAGE
AL       BAL        Betemit                 89             341         .261
AL       BAL        Davis                  139             515         .270
AL       BAL        Jones                  186             648         .287
AL       BAL        Machado                 50             191         .262
AL       BAL        Markakis               125             420         .298
AL       BAL        McLouth                 56             209         .268

AL       BAL       * Team Totals *         645           2,324         .278

AL       BOS        Ciriaco                 76             259         .293
AL       BOS        Ellsbury                82             303         .271
AL       BOS        Gonzalez               145             484         .300
AL       BOS        Middlebrooks            77             267         .288
AL       BOS        Ortiz                  103             324         .318
AL       BOS        Pedroia                163             563         .290
AL       BOS        Podsednik               60             199         .302
AL       BOS        Ross                   127             476         .267
AL       BOS        Sweeney                 53             204         .260

AL       BOS       * Team Totals *         886           3,079         .288

AL       CLE        Brantley               159             552         .288
AL       CLE        Cabrera                150             555         .270
AL       CLE        Choo                   169             598         .283
AL       CLE        Kipnis                 152             591         .257
AL       CLE        Santana                128             507         .252

AL       CLE       * Team Totals *         758           2,803         .270

AL       CWS        De Aza                 147             524         .281
AL       CWS        Konerko                159             533         .298
AL       CWS        Pierzynski             133             479         .278
AL       CWS        Ramirez                157             593         .265
AL       CWS        Rios                   184             605         .304
AL       CWS        Viciedo                129             505         .255
AL       CWS        Wise                    58             224         .259

AL       CWS       * Team Totals *         967           3,463         .279

AL       DET        Berry                   75             291         .258
AL       DET        Cabrera                205             622         .330
AL       DET        Dirks                  101             314         .322
AL       DET        Fielder                182             581         .313
AL       DET        Infante                 58             226         .257
AL       DET        Jackson                163             543         .300
AL       DET        Young                  153             574         .267

AL       DET       * Team Totals *         937           3,151         .297

AL       KC         Butler                 192             614         .313
AL       KC         Cain                    59             222         .266
AL       KC         Dyson                   76             292         .260
AL       KC         Escobar                177             605         .293
AL       KC         Getz                    52             189         .275                       PLAYER BASEBALL STATISTICS          04/11/19    PAGE  2

LEAGUE   TEAM       NAME                  HITS         AT-BATS      AVERAGE
AL       KC         Gordon                 189             642         .294
AL       KC         Perez                   87             289         .301

AL       KC        * Team Totals *         832           2,853         .292

AL       LAA        Aybar                  150             517         .290
AL       LAA        Callaspo               115             457         .252
AL       LAA        Hunter                 167             534         .313
AL       LAA        Izturis                 74             289         .256
AL       LAA        Kendrick               158             550         .287
AL       LAA        Morales                132             484         .273
AL       LAA        Pujols                 173             607         .285
AL       LAA        Trout                  182             559         .326
AL       LAA        Trumbo                 146             544         .268

AL       LAA       * Team Totals *       1,297           4,541         .286

AL       MIN        Carroll                126             470         .268
AL       MIN        Doumit                 133             484         .275
AL       MIN        Mauer                  174             545         .319
AL       MIN        Morneau                135             505         .267
AL       MIN        Revere                 150             511         .294
AL       MIN        Span                   146             516         .283
AL       MIN        Willingham             135             519         .260

AL       MIN       * Team Totals *         999           3,550         .281

AL       NYY        Cano                   196             627         .313
AL       NYY        Chavez                  78             278         .281
AL       NYY        Jeter                  216             683         .316
AL       NYY        Rodriguez              126             463         .272
AL       NYY        Suzuki                 178             629         .283
AL       NYY        Swisher                146             537         .272
AL       NYY        Teixeira               113             451         .251

AL       NYY       * Team Totals *       1,053           3,668         .287

AL       OAK        Cespedes               142             487         .292
AL       OAK        Crisp                  118             455         .259
AL       OAK        Gomes                   73             279         .262
AL       OAK        Moss                    77             265         .291

AL       OAK       * Team Totals *         410           1,486         .276

AL       SEA        Jaso                    81             294         .276
AL       SEA        Montero                134             515         .260
AL       SEA        Seager                 154             594         .259

AL       SEA       * Team Totals *         369           1,403         .263

AL       TB         Keppinger              125             385         .325
AL       TB         Longoria                79             273         .289
AL       TB         Zobrist                151             560         .270

AL       TB        * Team Totals *         355           1,218         .291
                       PLAYER BASEBALL STATISTICS          04/11/19    PAGE  3

LEAGUE   TEAM       NAME                  HITS         AT-BATS      AVERAGE
AL       TEX        Andrus                 180             629         .286
AL       TEX        Beltre                 194             604         .321
AL       TEX        Cruz                   152             585         .260
AL       TEX        Gentry                  73             240         .304
AL       TEX        Hamilton               160             562         .285
AL       TEX        Kinsler                168             655         .256
AL       TEX        Moreland                90             327         .275
AL       TEX        Murphy                 139             457         .304
AL       TEX        Young                  169             611         .277

AL       TEX       * Team Totals *       1,325           4,670         .284

AL       TOR        Davis                  115             447         .257
AL       TOR        Encarnacion            152             542         .280
AL       TOR        Escobar                141             558         .253
AL       TOR        Lawrie                 135             494         .273
AL       TOR        Lind                    82             321         .255

AL       TOR       * Team Totals *         625           2,362         .265


AL                 * League Totals *    11,458           40,571        .282
                       PLAYER BASEBALL STATISTICS          04/11/19    PAGE  4

LEAGUE   TEAM       NAME                  HITS         AT-BATS      AVERAGE
NL       ARI        Bloomquist              98             324         .302
NL       ARI        Goldschmidt            147             514         .286
NL       ARI        Hill                   184             609         .302
NL       ARI        Johnson                137             488         .281
NL       ARI        Montero                139             486         .286
NL       ARI        Parra                  105             385         .273
NL       ARI        Upton                  155             554         .280

NL       ARI       * Team Totals *         965           3,360         .287

NL       ATL        Bourn                  171             624         .274
NL       ATL        Johnson                 78             269         .290
NL       ATL        Jones                  111             387         .287
NL       ATL        Prado                  186             617         .301

NL       ATL       * Team Totals *         546           1,897         .288

NL       CHC        Castro                 183             646         .283
NL       CHC        Rizzo                   96             337         .285

NL       CHC       * Team Totals *         279             983         .284

NL       CIN        Frazier                115             422         .273
NL       CIN        Hanigan                 87             317         .274
NL       CIN        Ludwick                116             422         .275
NL       CIN        Phillips               163             580         .281
NL       CIN        Votto                  126             374         .337

NL       CIN       * Team Totals *         607           2,115         .287

NL       COL        Colvin                 122             420         .290
NL       COL        Fowler                 136             454         .300
NL       COL        Gonzalez               157             518         .303
NL       COL        LeMahieu                68             229         .297
NL       COL        Nelson                 104             345         .301
NL       COL        Pacheco                147             475         .309
NL       COL        Rosario                107             396         .270
NL       COL        Rutledge                76             277         .274
NL       COL        Tulowitzki              52             181         .287
NL       COL        Young                   55             174         .316

NL       COL       * Team Totals *       1,024           3,469         .295

NL       HOU        Altuve                 167             576         .290
NL       LAD        Cruz                    84             283         .297
NL       LAD        Ethier                 158             556         .284
NL       LAD        Hairston                65             238         .273
NL       LAD        Kemp                   122             403         .303

NL       LAD       * Team Totals *         596           2,056         .290

NL       MIA        Dobbs                   91             319         .285
NL       MIA        Infante                 94             328         .287
NL       MIA        Reyes                  184             642         .287                       PLAYER BASEBALL STATISTICS          04/11/19    PAGE  5

LEAGUE   TEAM       NAME                  HITS         AT-BATS      AVERAGE
NL       MIA        Ruggiano                90             288         .313
NL       MIA        Solano                  84             285         .295
NL       MIA        Stanton                130             449         .290

NL       MIA       * Team Totals *         673           2,311         .291

NL       MIL        Aoki                   150             520         .288
NL       MIL        Braun                  191             598         .319
NL       MIL        Hart                   152             562         .270
NL       MIL        Lucroy                 101             316         .320
NL       MIL        Ramirez                171             570         .300

NL       MIL       * Team Totals *         765           2,566         .298

NL       NYM        Murphy                 166             571         .291
NL       NYM        Tejada                 134             464         .289
NL       NYM        Wright                 178             581         .306

NL       NYM       * Team Totals *         478           1,616         .296

NL       PHI        Frandsen                66             195         .338
NL       PHI        Pierre                 121             394         .307
NL       PHI        Ruiz                   121             372         .325

NL       PHI       * Team Totals *         308             961         .320

NL       PIT        Jones                  130             475         .274
NL       PIT        McCutchen              194             593         .327
NL       PIT        Walker                 132             472         .280

NL       PIT       * Team Totals *         456           1,540         .296

NL       SD         Alonso                 150             549         .273
NL       SD         Denorfia               102             348         .293
NL       SD         Forsythe                86             315         .273
NL       SD         Grandal                 57             192         .297
NL       SD         Headley                173             604         .286

NL       SD        * Team Totals *         568           2,008         .283

NL       SF         Belt                   113             411         .275
NL       SF         Pagan                  174             605         .288
NL       SF         Posey                  178             530         .336
NL       SF         Sanchez                 61             218         .280
NL       SF         Sandoval               112             396         .283
NL       SF         Scutaro                190             620         .306
NL       SF         Theriot                 95             352         .270

NL       SF        * Team Totals *         923           3,132         .295

NL       STL        Carpenter               87             296         .294
NL       STL        Craig                  144             469         .307
NL       STL        Freese                 147             501         .293
NL       STL        Holliday               177             599         .295                       PLAYER BASEBALL STATISTICS          04/11/19    PAGE  6

LEAGUE   TEAM       NAME                  HITS         AT-BATS      AVERAGE
NL       STL        Jay                    135             443         .305
NL       STL        Molina                 159             505         .315
NL       STL        Schumaker               75             272         .276

NL       STL       * Team Totals *         924           3,085         .300

NL       WSH        Bernadina               66             227         .291
NL       WSH        Desmond                150             513         .292
NL       WSH        Harper                 144             533         .270
NL       WSH        LaRoche                155             571         .271
NL       WSH        Lombardozzi            105             384         .273
NL       WSH        Morse                  118             406         .291
NL       WSH        Werth                   90             300         .300
NL       WSH        Zimmerman              163             578         .282

NL       WSH       * Team Totals *         991           3,512         .282


NL                 * League Totals *    10,103           34,611        .292

                   * FINAL TOTAL *      21,561           75,182        .287

                   * LOW AVERAGE *                                     .251

                   * HIGH AVERAGE *                                    .338